epoch,loss,single_accuracy,val_loss,val_single_accuracy
0,222.21558925083704,0.0003600230414746544,205.1226768363161,0.0
1,198.9575687179917,0.0006840437788018433,161.14991520149815,0.0011402508551881414
2,156.43880775557136,0.00039602534562211984,89.6876615569964,0.0
3,109.4759785524711,0.0007560483870967742,44.83894180680626,0.0
4,75.73578856507754,0.0011880760368663595,29.5884648935281,0.0
5,56.950564705281764,0.0010800691244239632,26.661572811948805,0.0
6,47.51620948369602,0.0010440668202764977,25.664422269014295,0.0
7,41.35491497285904,0.0011160714285714285,24.706729501791663,0.0
8,35.84541588005382,0.0021241359447004607,23.644545943326527,0.0
9,30.539931174247496,0.0024481566820276496,22.73525473139033,0.005701254275940707
10,27.054422312617852,0.0029881912442396314,22.057362281338246,0.009122006841505131
11,25.1713161512454,0.004032258064516129,21.07365426832349,0.00798175598631699
12,23.704395825961768,0.004428283410138249,20.2905242163072,0.009122006841505131
13,22.3589635005195,0.004860311059907834,19.275782009894655,0.009122006841505131
14,21.27744873328143,0.00702044930875576,18.717229397294187,0.009122006841505131
15,20.237987799578548,0.007524481566820277,17.823282302717253,0.00798175598631699
16,19.390232152103827,0.0075964861751152074,16.979300158597454,0.02280501710376283
17,18.52904407659434,0.009720622119815668,16.291625432848523,0.00798175598631699
18,17.76102055492489,0.009180587557603686,15.743184014628115,0.00798175598631699
19,17.145313478285267,0.009720622119815668,15.247319448769025,0.00798175598631699
20,16.434918262991488,0.010224654377880185,14.606191070756728,0.00798175598631699
21,15.873595969468218,0.00986463133640553,13.938680418268984,0.03420752565564424
22,15.30992195683141,0.010296658986175116,13.490575219505597,0.043329532497149374
23,14.740132079146425,0.011088709677419355,12.935620050201939,0.04561003420752566
24,14.23941438648558,0.012600806451612902,12.582469158324848,0.046750285062713795
25,13.819865874980453,0.012888824884792626,12.228892102344822,0.04446978335233751
26,13.348366926342662,0.01238479262672811,11.945675528035876,0.039908779931584946
27,12.94050310504052,0.012564804147465438,11.380678208415294,0.03876852907639681
28,12.554445644677509,0.012996831797235023,11.123549771281713,0.04561003420752566
29,12.21583010414229,0.0127088133640553,10.60035748737296,0.04446978335233751
30,11.833866673131142,0.012456797235023041,10.681070262513112,0.046750285062713795
31,11.541797525871734,0.014544930875576036,10.128105478928326,0.04561003420752566
32,11.19681711021107,0.013428859447004608,9.978080927849904,0.036488027366020526
33,10.832732600550498,0.0146889400921659,9.651421008659197,0.005701254275940707
34,10.518798672109156,0.014400921658986175,9.403071617726726,0.03192702394526796
35,10.215913282561411,0.015228974654377881,9.17033371223963,0.011402508551881414
36,9.948393311918057,0.01476094470046083,8.697383379310947,0.04789053591790194
37,9.709784635201029,0.014400921658986175,8.5865931538111,0.019384264538198404
38,9.485492383280109,0.01576900921658986,8.495544158474477,0.04903078677309008
39,9.257678561496295,0.016777073732718892,8.072650541873179,0.04446978335233751
40,8.98809860818397,0.0166690668202765,7.766139027194259,0.046750285062713795
41,8.812364773816228,0.015877016129032258,7.641754353739652,0.04789053591790194
42,8.58469363291692,0.01594902073732719,7.331673905950044,0.04789053591790194
43,8.360999658909812,0.01735311059907834,7.33215674462313,0.04446978335233751
44,8.16444187999321,0.018001152073732717,7.226797955337925,0.04446978335233751
45,7.983739077220864,0.018001152073732717,7.036133324678567,0.04446978335233751
46,7.795249722520327,0.017965149769585253,6.812416843296864,0.04561003420752566
47,7.603017276333224,0.01926123271889401,6.697295222614075,0.04789053591790194
48,7.428081932155767,0.018325172811059907,6.569624461496978,0.04789053591790194
49,7.304121943662793,0.018433179723502304,6.3714427980620885,0.046750285062713795
50,7.133364366496213,0.018685195852534562,6.467717632872213,0.04218928164196123
51,7.000461928855439,0.01994527649769585,6.099707649126564,0.043329532497149374
52,6.869969128463675,0.020089285714285716,5.915051628273733,0.04218928164196123
53,6.670565801831434,0.02131336405529954,5.857625968915706,0.04218928164196123
54,6.572874176886774,0.019549251152073732,5.614326624940983,0.043329532497149374
55,6.4807000764504,0.01972926267281106,5.563086585280833,0.04561003420752566
56,6.297846639211277,0.020413306451612902,5.430865975035229,0.046750285062713795
57,6.202650773360433,0.022033410138248846,5.426481915172721,0.04446978335233751
58,6.054770026888166,0.021493375576036866,5.2924174392508805,0.043329532497149374
59,5.979598901238859,0.02026929723502304,5.14473171081891,0.04218928164196123
60,5.8735439392828175,0.02210541474654378,5.006655446208053,0.04446978335233751
61,5.803188083358624,0.020917338709677418,4.959261669128487,0.04903078677309008
62,5.685384184534099,0.022285426267281108,4.802582083433493,0.04789053591790194
63,5.573984813030964,0.020701324884792628,4.677050459480069,0.0330672748004561
64,5.515914840082968,0.022357430875576036,4.722648070366923,0.04789053591790194
65,5.420274568592898,0.021673387096774195,4.619930206981733,0.04903078677309008
66,5.328567556521859,0.022141417050691243,4.561979071444226,0.046750285062713795
67,5.247783882826704,0.022933467741935484,4.444780298622331,0.04218928164196123
68,5.180965441163234,0.022033410138248846,4.439577622451695,0.04903078677309008
69,5.1283119427993,0.023545506912442397,4.386976262182847,0.04903078677309008
70,5.05870834583511,0.022681451612903226,4.337629592269149,0.04903078677309008
71,4.987320367092361,0.024049539170506912,4.29408862463017,0.04218928164196123
72,4.953048327002108,0.02415754608294931,4.147849531510809,0.04218928164196123
73,4.824401523660405,0.025633640552995392,4.137272012138584,0.04218928164196123
74,4.786824852640178,0.02430155529953917,4.219333211535603,0.05017103762827822
75,4.759591920584578,0.022861463133640552,4.035291055181279,0.03078677309007982
76,4.67224181852033,0.026497695852534562,3.992120082185369,0.04789053591790194
77,4.6129316975993495,0.02667770737327189,3.937240274357551,0.04903078677309008
78,4.585256614992695,0.023545506912442397,3.8466489600482796,0.046750285062713795
79,4.522796740729688,0.0263536866359447,3.8971460042277113,0.04446978335233751
80,4.474624147612928,0.02847782258064516,3.8123742998529866,0.04789053591790194
81,4.439991054447016,0.026641705069124423,3.7659527839521454,0.04561003420752566
82,4.401523185215788,0.027325748847926268,3.738626049481069,0.04561003420752566
83,4.352547601071371,0.029089861751152073,3.7369717844807573,0.04446978335233751
84,4.326331498985466,0.028981854838709676,3.5831262562402704,0.02508551881413911
85,4.289002983251475,0.028297811059907835,3.625518317097541,0.04789053591790194
86,4.249884575193379,0.026965725806451613,3.5762747386162475,0.043329532497149374
87,4.224123122505329,0.027901785714285716,3.492319030391993,0.04903078677309008
88,4.153453993357821,0.02991791474654378,3.4970658437148194,0.04903078677309008
89,4.1898819307028425,0.028441820276497696,3.5307921493338887,0.05017103762827822
90,4.105237001647597,0.029557891705069124,3.4697298894858277,0.02508551881413911
91,4.100453247672402,0.028909850230414747,3.4147149415489206,0.04561003420752566
92,4.056821557783311,0.02966589861751152,3.377898876316327,0.04903078677309008
93,4.0050224109728765,0.03024193548387097,3.4106740652495398,0.04218928164196123
94,3.999537729447888,0.031069988479262674,3.3421990417428273,0.05131128848346636
95,3.972102103145441,0.02894585253456221,3.405942791815902,0.04903078677309008
96,3.9589959256660006,0.030601958525345623,3.2870723176301544,0.05017103762827822
97,3.9264920774143413,0.031033986175115207,3.283912978395225,0.04903078677309008
98,3.9319541657575265,0.03290610599078341,3.326178304961497,0.04789053591790194
99,3.885726070074442,0.03261808755760369,3.2437128835828166,0.04446978335233751
100,3.8587445712858632,0.030025921658986175,3.3154831204474178,0.04446978335233751
101,3.8714386614786314,0.03215005760368664,3.3130512101620333,0.04903078677309008
102,3.83379694064092,0.032006048387096774,3.1880316984422397,0.026225769669327253
103,3.7974948509497577,0.032006048387096774,3.2276681271491054,0.04903078677309008
104,3.7700175403999294,0.03456221198156682,3.1606257562626454,0.04903078677309008
105,3.7435265142247425,0.03398617511520737,3.2426519616843628,0.05017103762827822
106,3.7523213767785633,0.03341013824884793,3.171556465166325,0.05131128848346636
107,3.7170118593400523,0.03344614055299539,3.112324357984275,0.037628278221208664
108,3.726479960476748,0.03481422811059908,3.1508215123462566,0.0330672748004561
109,3.6928414095381985,0.03387816820276498,3.111809831116871,0.05131128848346636
110,3.67872022703496,0.034382200460829494,3.1135918803198717,0.04561003420752566
111,3.637449468885149,0.03269009216589862,3.1423164664543615,0.043329532497149374
112,3.6448107782047465,0.0349942396313364,3.080726824709328,0.01596351197263398
113,3.6525268345933903,0.03726238479262673,3.08508156425189,0.01596351197263398
114,3.615484766696455,0.03553427419354839,3.0635425171803177,0.012542759407069556
115,3.6069093607537757,0.03632632488479263,3.0903895164976913,0.014823261117445839
116,3.596482087939566,0.03639832949308756,3.0441583940077535,0.011402508551881414
117,3.5711731828302833,0.03434619815668203,3.05647736563514,0.02394526795895097
118,3.575137111997824,0.03755040322580645,3.109081767983692,0.01596351197263398
119,3.580809851395919,0.03535426267281106,3.038789798079766,0.009122006841505131
120,3.5500324788730815,0.03452620967741935,3.025474253646868,0.013683010262257697
121,3.5714091705287108,0.036290322580645164,3.066540269514582,0.01596351197263398
122,3.5205301266112086,0.03733438940092166,3.0160547879565947,0.011402508551881414
123,3.5016891126808485,0.04061059907834101,3.034069920347381,0.018244013683010263
124,3.515135387121807,0.03884648617511521,3.1053467601571687,0.011402508551881414
125,3.51587925528601,0.040466589861751154,3.001592258770898,0.014823261117445839
126,3.484523230983365,0.039674539170506916,3.0211048555754747,0.011402508551881414
127,3.457777723189323,0.03884648617511521,2.9593763237260493,0.019384264538198404
128,3.457443479019376,0.03899049539170507,2.982240702978154,0.013683010262257697
129,3.480221137473111,0.04122263824884793,2.952995099662511,0.013683010262257697
130,3.4522441707997826,0.04017857142857143,2.981098492034077,0.01596351197263398
131,3.4157759632383073,0.041366647465437785,2.939785906771026,0.01710376282782212
132,3.411984036595041,0.039926555299539174,2.9540074053756733,0.01596351197263398
133,3.4186736652928014,0.0410426267281106,2.963605246223093,0.019384264538198404
134,3.3940962800232497,0.03985455069124424,3.0427389791917094,0.020524515393386546
135,3.400698326150393,0.03978254608294931,2.963909550974551,0.014823261117445839
136,3.3884349632922404,0.041546658986175114,2.955329151762524,0.018244013683010263
137,3.3673160196998704,0.040286578341013825,2.9200804241706737,0.01710376282782212
138,3.358815465654646,0.041654665898617514,2.9290268913234243,0.019384264538198404
139,3.3565357478532922,0.041474654377880185,2.926085264951908,0.019384264538198404
140,3.3265606302270143,0.04143865207373272,2.9296033879914063,0.053591790193842644
141,3.3500001771109447,0.04262672811059908,2.9232541288726006,0.01710376282782212
142,3.3375679891779675,0.04158266129032258,2.886369738910462,0.014823261117445839
143,3.310556593578532,0.042554723502304145,2.9237570137363202,0.014823261117445839
144,3.3056473611137283,0.04205069124423963,2.8902892756489282,0.013683010262257697
145,3.302789563956898,0.04172667050691244,2.9045201674562495,0.014823261117445839
146,3.3029717937592538,0.041402649769585256,2.946005667356972,0.01710376282782212
147,3.283513968990695,0.043742799539170506,2.8938456500541663,0.02394526795895097
148,3.274701807905452,0.04377880184331797,2.8997843077952123,0.013683010262257697
149,3.2801579967621834,0.04507488479262673,2.9026110550152944,0.018244013683010263
150,3.275451479968937,0.04460685483870968,2.8725332425420884,0.01596351197263398
151,3.2558685865270376,0.04550691244239631,2.911772357153376,0.018244013683010263
152,3.2509268483807965,0.04507488479262673,2.890336975676168,0.019384264538198404
153,3.263245942955193,0.04284274193548387,2.8911994919945467,0.019384264538198404
154,3.229796633742372,0.043382776497695855,2.8927170172792476,0.01710376282782212
155,3.2168086997924314,0.04712701612903226,2.878833478777547,0.01710376282782212
156,3.2496081596145983,0.04244671658986175,2.906501635722179,0.012542759407069556
157,3.2103025600108133,0.04680299539170507,2.89727499003829,0.018244013683010263
158,3.211539237180613,0.046838997695852536,2.898943582445621,0.018244013683010263
159,3.2067159375836773,0.04568692396313364,2.890032357201745,0.01596351197263398
160,3.200374354964577,0.04435483870967742,2.8663597966001677,0.02280501710376283
161,3.18643404206922,0.04622695852534562,2.894948452609159,0.019384264538198404
162,3.161835521047566,0.048459101382488476,2.890489218852131,0.018244013683010263
163,3.1821447797634637,0.045650921658986175,2.8669274948885666,0.020524515393386546
164,3.1584929925505465,0.04727102534562212,2.923492669787347,0.013683010262257697
165,3.222211382905459,0.0430227534562212,2.852175509780136,0.01596351197263398
166,3.15123364398007,0.04644297235023041,2.881302542670151,0.013683010262257697
167,3.155043045496611,0.04766705069124424,2.8579096837625535,0.014823261117445839
168,3.1603882961009506,0.04622695852534562,2.8710375277998783,0.010262257696693273
169,3.1701921136697866,0.04698300691244239,2.8835409130718443,0.014823261117445839
170,3.1379906378583424,0.04651497695852535,2.86089018894574,0.01710376282782212
171,3.139350901550961,0.04853110599078341,2.8709429074312425,0.01596351197263398
172,3.1435505184709753,0.04709101382488479,2.912731366391329,0.01710376282782212
173,3.1392627471053656,0.048639112903225805,2.896099764781504,0.013683010262257697
174,3.1307593875217,0.048099078341013825,2.849019473607619,0.01596351197263398
175,3.105400912772675,0.04788306451612903,2.967495388152798,0.018244013683010263
176,3.1265440195936214,0.04709101382488479,2.8627336370496415,0.018244013683010263
177,3.0898432308627712,0.04723502304147465,2.8764102026701246,0.019384264538198404
178,3.1224731223374467,0.04705501152073733,2.86527507470978,0.014823261117445839
179,3.1186211707954583,0.04730702764976959,2.852634309227138,0.020524515393386546
180,3.093038812760384,0.05097926267281106,2.8631242683567235,0.019384264538198404
181,3.09532722075414,0.048639112903225805,2.9616877306826166,0.020524515393386546
182,3.0801146332569385,0.04867511520737327,2.889175475391314,0.021664766248574687
183,3.0933696976455125,0.04806307603686636,2.853431546157959,0.014823261117445839
184,3.0643456344780287,0.05205933179723502,2.8466166248343283,0.01710376282782212
185,3.0572802520567373,0.04925115207373272,2.852664749597878,0.01596351197263398
186,3.078581233727767,0.05223934331797235,2.905423641204834,0.019384264538198404
187,3.0475708982362177,0.049179147465437785,2.9084959851159473,0.01710376282782212
188,3.079734229272412,0.049827188940092165,2.833314454677847,0.018244013683010263
189,3.035401428350106,0.05004320276497696,2.9258815641414073,0.020524515393386546
190,3.048405951069247,0.04849510368663595,2.872122007737546,0.021664766248574687
191,3.0072674789736347,0.051663306451612906,2.8921854042001027,0.018244013683010263
192,3.0254268349590387,0.052383352534562215,2.8379361675701773,0.01710376282782212
193,3.0028318792993574,0.05148329493087558,2.882884489905467,0.01710376282782212
194,3.04038556380206,0.05079925115207373,2.8942669326930117,0.013683010262257697
195,3.0014983953968173,0.04899913594470046,2.8675666034833327,0.01710376282782212
196,2.9978266317174183,0.05321140552995392,2.893588914838593,0.01710376282782212
197,3.011832374032192,0.05076324884792627,2.9419897997256967,0.01596351197263398
198,3.0161695024384882,0.05216733870967742,2.8993414429737467,0.01710376282782212
199,2.9856451222424134,0.05252736175115207,2.8816422230841225,0.018244013683010263
200,2.9929928241237516,0.051087269585253454,2.9187469014827854,0.0330672748004561
201,2.984546655334086,0.051087269585253454,2.9234329275829354,0.01710376282782212
202,2.987710292438208,0.05515552995391705,2.932610398687278,0.01710376282782212
203,2.959966398603905,0.05357142857142857,2.8620904261329154,0.02394526795895097
204,2.9666781826502717,0.0527073732718894,2.92262095926561,0.01710376282782212
205,2.9569280510124525,0.05443548387096774,2.8889939700727996,0.018244013683010263
206,2.9550018195183045,0.05479550691244239,2.9298172410292938,0.018244013683010263
207,2.9605399122985276,0.052995391705069124,2.922096721122855,0.012542759407069556
208,2.959000941795138,0.05461549539170507,2.8979991148379947,0.01596351197263398
209,2.9420663019479143,0.051915322580645164,2.871603450862141,0.01596351197263398
210,2.950562580939262,0.05137528801843318,2.9150074074722343,0.013683010262257697
211,2.9480980909365115,0.05213133640552996,2.85314387361707,0.01710376282782212
212,2.9340467524418634,0.052095334101382486,2.8280708700112633,0.01710376282782212
213,2.9186140106570337,0.053931451612903226,2.850332794602676,0.013683010262257697
214,2.920874350631292,0.05357142857142857,2.870305832326752,0.020524515393386546
215,2.917245543497499,0.055299539170506916,2.885065497938828,0.018244013683010263
216,2.910974516297266,0.05277937788018433,2.9114910737954363,0.018244013683010263
217,2.9165740057070684,0.05321140552995392,2.8838910355127525,0.02280501710376283
218,2.895716610592082,0.054543490783410135,2.90569794001302,0.019384264538198404
219,2.901510691862502,0.05432747695852535,2.8704106141659116,0.019384264538198404
220,2.8758037205665343,0.05565956221198157,2.90928374076243,0.018244013683010263
221,2.896591609524142,0.05623559907834101,2.8503789722307786,0.020524515393386546
222,2.8892880051916094,0.055263536866359445,2.839746586681092,0.019384264538198404
223,2.8729901203911425,0.05688364055299539,2.921431352774121,0.018244013683010263
224,2.8852589591856925,0.05547955069124424,2.8691320190951655,0.018244013683010263
225,2.879178318010497,0.05321140552995392,2.89527942653121,0.014823261117445839
226,2.884024008078509,0.0556235599078341,2.84339270325316,0.013683010262257697
227,2.8754634115553124,0.05490351382488479,2.836106273712019,0.019384264538198404
228,2.8612120519585322,0.056451612903225805,2.884770468404111,0.021664766248574687
229,2.8477563039498395,0.056091589861751154,2.869556287811175,0.02508551881413911
230,2.8695025641797325,0.05540754608294931,2.8518646048847054,0.018244013683010263
231,2.8461871317454746,0.05490351382488479,2.8589827386384137,0.01710376282782212
232,2.8641636404573645,0.057459677419354836,2.902631971148292,0.01596351197263398
233,2.832182149183915,0.057171658986175114,2.930271330282109,0.012542759407069556
234,2.825700280853131,0.056559619815668205,2.9048918715360634,0.02280501710376283
235,2.842920480785282,0.05623559907834101,2.8930399784884133,0.01710376282782212
236,2.8181983809317313,0.058827764976958526,2.909158851836671,0.019384264538198404
237,2.819476279794895,0.055839573732718896,2.8419609499358263,0.02394526795895097
238,2.8124863859695224,0.060555875576036866,2.9101933976263656,0.014823261117445839
239,2.8013500425672753,0.05767569124423963,2.920594520416608,0.019384264538198404
240,2.8119209367558704,0.05940380184331797,2.8876866745160408,0.018244013683010263
241,2.809388736426006,0.05814372119815668,2.8980994833507996,0.020524515393386546
242,2.797126567308804,0.05724366359447004,2.904712502469766,0.014823261117445839
243,2.802486173018882,0.057819700460829494,2.8732074984394975,0.013683010262257697
244,2.797641296540537,0.05792770737327189,2.9976476568180725,0.018244013683010263
245,2.7727935110918387,0.05753168202764977,2.9253307313168744,0.01710376282782212
246,2.782554843458712,0.058287730414746546,2.883824542011883,0.018244013683010263
247,2.7922593970452585,0.06012384792626728,2.828967788744136,0.02508551881413911
248,2.782200772641441,0.05792770737327189,2.8364988047557382,0.02280501710376283
249,2.7651954636595764,0.0605198732718894,2.8936457275120944,0.019384264538198404
250,2.7651233903823362,0.0586477534562212,2.872719898463111,0.019384264538198404
251,2.7711209882788945,0.05979982718894009,2.858497526653816,0.019384264538198404
252,2.7519546153907952,0.05807171658986175,2.9214841783930257,0.01710376282782212
253,2.7416386181308376,0.06206797235023041,2.9049964581819054,0.021664766248574687
254,2.7547666268414615,0.05789170506912442,2.8910080633522304,0.020524515393386546
255,2.7422037871751916,0.058287730414746546,2.8712984164465247,0.013683010262257697
256,2.731758357742415,0.06113191244239631,2.906821324860628,0.020524515393386546
257,2.743393844723152,0.05893577188940092,2.8703619474152204,0.021664766248574687
258,2.739768250746661,0.060087845622119815,2.978235357843484,0.02394526795895097
259,2.7233197991199756,0.05997983870967742,2.9054553560411374,0.021664766248574687
260,2.734970993160652,0.059007776497695855,2.9827407746657544,0.01710376282782212
261,2.716470220671271,0.06307603686635944,2.9029821697091567,0.014823261117445839
262,2.701706802790066,0.06231998847926267,2.907343882927193,0.020524515393386546
263,2.7341844634526336,0.06253600230414746,2.9033471453285,0.01710376282782212
264,2.7096269246070617,0.060159850230414744,2.891671803821316,0.01710376282782212
265,2.7167362419690955,0.061743951612903226,2.8898282649171803,0.02394526795895097
266,2.7110998894212432,0.06084389400921659,2.947663028808385,0.02280501710376283
267,2.672352663932308,0.06098790322580645,2.893643229690082,0.02394526795895097
268,2.7028928605092837,0.06159994239631336,2.9446617896363834,0.021664766248574687
269,2.6954232163143597,0.06300403225806452,2.881460066396263,0.02280501710376283
270,2.685690958379051,0.0616719470046083,2.985517838933721,0.021664766248574687
271,2.676955395030536,0.06361607142857142,2.904306970681133,0.014823261117445839
272,2.674723008261298,0.06069988479262673,2.925160910955449,0.01596351197263398
273,2.680062195123066,0.0625,2.8799772659484444,0.014823261117445839
274,2.6617916135744015,0.0664602534562212,2.935024754079473,0.021664766248574687
275,2.6502178066886515,0.06440812211981567,2.8814922569822965,0.020524515393386546
276,2.650331696607001,0.06372407834101383,3.0068252062172274,0.014823261117445839
277,2.6673596822721066,0.061923963133640555,2.9107400672329735,0.027366020524515394
278,2.6515325060637864,0.06271601382488479,2.901501011821264,0.01596351197263398
279,2.646824619737089,0.06311203917050691,2.925803129050452,0.014823261117445839
280,2.6252678050423546,0.06123991935483871,2.9338946293534005,0.01710376282782212
281,2.6167134996932773,0.06484014976958526,2.9234219614157246,0.01596351197263398
282,2.6236313076063236,0.06203197004608295,2.9358869648305963,0.013683010262257697
283,2.616555896772218,0.06401209677419355,2.985711187973805,0.014823261117445839
284,2.6253332899462793,0.06419210829493087,2.9212089422219427,0.019384264538198404
285,2.615881742969636,0.0644801267281106,2.9614051255559977,0.02394526795895097
286,2.611530248745246,0.06152793778801843,2.9253999569804803,0.014823261117445839
287,2.606160528099482,0.06836837557603687,2.9371595219576236,0.02394526795895097
288,2.589426362569431,0.06559619815668202,2.9406973948636375,0.020524515393386546
289,2.601417610172852,0.06408410138248848,3.0179988068349006,0.01710376282782212
290,2.5962291895519205,0.06620823732718895,2.9593305881374103,0.01710376282782212
291,2.6027559096912087,0.06505616359447004,2.9150448149938812,0.020524515393386546
292,2.5884315813741376,0.06300403225806452,2.9031981492124097,0.018244013683010263
293,2.5775513725896038,0.06700028801843318,2.892821495726008,0.019384264538198404
294,2.5700869428397324,0.06620823732718895,2.919874549591691,0.014823261117445839
295,2.5734078570994363,0.0673963133640553,2.906157438132483,0.018244013683010263
296,2.561888626094238,0.06764832949308756,2.935445825213581,0.019384264538198404
297,2.558043745805591,0.0663522465437788,2.949457230562495,0.01710376282782212
298,2.548636307914136,0.06455213133640553,2.9383384216334694,0.01596351197263398
299,2.5552987607393396,0.06620823732718895,2.9703174621512436,0.013683010262257697
300,2.56236019661899,0.06534418202764977,2.95195830289695,0.019384264538198404
301,2.535040015449172,0.06678427419354839,2.937634183716203,0.014823261117445839
302,2.533869300569807,0.06653225806451613,3.0144091484348206,0.018244013683010263
303,2.5348316150876236,0.06685627880184332,2.984541776106866,0.01596351197263398
304,2.527204264693546,0.06804435483870967,2.851171868149204,0.018244013683010263
305,2.5330291442607407,0.06836837557603687,2.9329510088521507,0.01596351197263398
306,2.5109200543522285,0.07088853686635944,2.9404942529911056,0.018244013683010263
307,2.534626784687218,0.0690524193548387,2.9517625903322053,0.018244013683010263
308,2.509068612678809,0.0686563940092166,2.9220404102973547,0.01710376282782212
309,2.5086045056444157,0.06876440092165899,2.930189843868312,0.018244013683010263
310,2.493193941182255,0.06851238479262672,2.9629723707653643,0.018244013683010263
311,2.4980790236029207,0.07006048387096774,3.047268004618594,0.01596351197263398
312,2.512187997866336,0.06851238479262672,3.0018278560181706,0.019384264538198404
313,2.4911481438693914,0.07081653225806452,2.9267237417510326,0.02280501710376283
314,2.4931290435351534,0.06840437788018433,3.0276870124016546,0.014823261117445839
315,2.4933413437434604,0.06952044930875576,2.994336088543743,0.019384264538198404
316,2.4912144302772488,0.06829637096774194,3.060071936491006,0.018244013683010263
317,2.470617046004616,0.06581221198156682,2.9610405327112943,0.01710376282782212
318,2.4724673345891013,0.07092453917050691,3.0757048545976593,0.014823261117445839
319,2.4728719078450707,0.07142857142857142,2.957164813338555,0.01710376282782212
320,2.4546668864614953,0.06988047235023041,2.9460149708468393,0.019384264538198404
321,2.452905314858608,0.07056451612903226,3.1510448977775964,0.01596351197263398
322,2.453301934053272,0.07085253456221198,3.0098611229229952,0.01596351197263398
323,2.4478819370269775,0.07200460829493087,2.9996571377718326,0.019384264538198404
324,2.447843870809001,0.07142857142857142,3.0634175608340257,0.01710376282782212
325,2.42253597183711,0.07358870967741936,2.939445296062439,0.018244013683010263
326,2.4373493257755507,0.06966445852534563,3.0099874738956394,0.01710376282782212
327,2.4350859500845456,0.0719686059907834,3.0541766437456572,0.018244013683010263
328,2.4118065378083613,0.07092453917050691,3.1057023828086723,0.018244013683010263
329,2.4075992780347026,0.07189660138248848,3.243053409093598,0.01596351197263398
330,2.4156530815335464,0.07369671658986175,3.1202721448961386,0.018244013683010263
331,2.4181314245347054,0.07189660138248848,3.2128339439052813,0.014823261117445839
332,2.3940673813841857,0.07330069124423963,3.122349445469159,0.01596351197263398
333,2.378493955058436,0.07495679723502305,3.056829250796763,0.01596351197263398
334,2.388635560389488,0.07585685483870967,3.122115672925995,0.01710376282782212
335,2.3871343506646046,0.0722926267281106,3.0725454011827944,0.018244013683010263
336,2.383629555251741,0.07711693548387097,3.190758661642042,0.018244013683010263
337,2.3692861908042486,0.07506480414746544,3.072779946343521,0.020524515393386546
338,2.37851619720459,0.07535282258064516,3.1741384921623066,0.018244013683010263
339,2.3648866442491383,0.0741647465437788,3.0898907605979162,0.019384264538198404
340,2.3701910137580837,0.07585685483870967,3.1169630978235223,0.01710376282782212
341,2.358092711543158,0.07513680875576037,3.0304661607252967,0.018244013683010263
342,2.3519429116754487,0.07690092165898617,3.125700369392317,0.019384264538198404
343,2.338936329711967,0.07798099078341014,3.0718525312373686,0.01596351197263398
344,2.338964560888879,0.07596486175115208,3.12255445989263,0.01710376282782212
345,2.3346935955610144,0.07736895161290322,3.088716647236214,0.01710376282782212
346,2.35033271444558,0.07412874423963134,3.1190144909692328,0.018244013683010263
347,2.3286192757742747,0.07733294930875576,3.001458119639241,0.018244013683010263
348,2.318813596727661,0.07783698156682027,3.1181396970455295,0.01710376282782212
349,2.3108063639583674,0.07877304147465437,3.103061043686035,0.018244013683010263
350,2.3241663940491213,0.07697292626728111,3.088705111800469,0.018244013683010263
351,2.3105364178182892,0.0793850806451613,3.174271200782489,0.018244013683010263
352,2.3102668345249193,0.07733294930875576,3.079401869322582,0.018244013683010263
353,2.299651450825177,0.07855702764976959,3.1173508034056923,0.019384264538198404
354,2.2953147149305737,0.07819700460829493,3.1732771796266737,0.01710376282782212
355,2.298122354366812,0.07992511520737328,3.1602371633392647,0.01596351197263398
356,2.2902703713711507,0.07888104838709678,3.1615160715892623,0.01710376282782212
357,2.2833207101316497,0.08276929723502305,3.221787165616774,0.018244013683010263
358,2.2737862206823816,0.08057315668202765,3.2376587975392184,0.018244013683010263
359,2.282283734066695,0.08035714285714286,3.0658151529805826,0.019384264538198404
360,2.2727656430363106,0.08122119815668202,3.1902576199687056,0.018244013683010263
361,2.27353673788809,0.07967309907834101,3.0874759376117007,0.018244013683010263
362,2.2673132125683093,0.08042914746543779,3.30204906539743,0.01710376282782212
363,2.254012285839028,0.08363335253456221,3.2594187980095093,0.019384264538198404
364,2.2511929542787614,0.08575748847926268,3.4191874408395697,0.018244013683010263
365,2.2530661596131214,0.081761232718894,3.194960259249436,0.019384264538198404
366,2.2488205905334193,0.08503744239631336,3.25760925590924,0.01710376282782212
367,2.2404702097040166,0.08161722350230415,3.5108500734022567,0.01596351197263398
368,2.233619781957793,0.08237327188940093,3.31826982693906,0.018244013683010263
369,2.2354756970010046,0.08410138248847926,3.3382501314004442,0.01710376282782212
370,2.23153806776495,0.08204925115207373,3.284046489537238,0.019384264538198404
371,2.225692178247162,0.08244527649769585,3.355840620456291,0.018244013683010263
372,2.224565491148953,0.08359735023041474,3.1885536970271215,0.019384264538198404
373,2.223669976408031,0.0826972926267281,3.2295982497855764,0.01710376282782212
374,2.2134923039493475,0.08356134792626728,3.5270240635801207,0.018244013683010263
375,2.2167836908371217,0.08492943548387097,3.475696644190372,0.01596351197263398
376,2.1955240223264916,0.08485743087557604,3.516536461450627,0.018244013683010263
377,2.195368078996509,0.08820564516129033,3.3420179213738086,0.019384264538198404
378,2.1847267829328088,0.08770161290322581,3.545610722005707,0.018244013683010263
379,2.1954244180209077,0.08870967741935484,3.491459503956776,0.01710376282782212
380,2.1908510291631322,0.08651353686635944,3.3789213451311553,0.019384264538198404
381,2.171187601880544,0.08935771889400922,3.3645227719331956,0.018244013683010263
382,2.170460764988227,0.08834965437788019,3.2851039376470896,0.018244013683010263
383,2.1816937607554245,0.08640552995391705,3.434426969921847,0.019384264538198404
384,2.1791291473098613,0.08622551843317973,3.5361055311074687,0.018244013683010263
385,2.1615519864218578,0.08816964285714286,3.3838587595636245,0.018244013683010263
386,2.1636271059238417,0.08737759216589862,3.3913142950260244,0.01710376282782212
387,2.175623549019686,0.08662154377880184,3.4781703606434804,0.018244013683010263
388,2.15439903379036,0.09324596774193548,3.3632453137683758,0.019384264538198404
389,2.1467976918967637,0.0888536866359447,3.4355770745054484,0.01596351197263398
390,2.152794835754254,0.08939372119815668,3.2500444377433753,0.018244013683010263
391,2.1516807647894054,0.08820564516129033,3.572385146925088,0.01710376282782212
392,2.139726510520355,0.08870967741935484,3.4598460066957375,0.01596351197263398
393,2.1361999975920822,0.08888968894009217,3.4897359828448757,0.014823261117445839
394,2.130792898791177,0.08982574884792627,3.381939461185016,0.014823261117445839
395,2.1340121879555665,0.09173387096774194,3.505833675271429,0.019384264538198404
396,2.118887908447723,0.09108582949308756,3.5658645325402984,0.014823261117445839
397,2.1220740088120036,0.0897897465437788,3.755549936501167,0.019384264538198404
398,2.1257949064953534,0.09130184331797235,3.435128445772108,0.018244013683010263
399,2.1166735610104928,0.08964573732718895,3.3503062059017514,0.018244013683010263
400,2.1187467910177697,0.09331797235023041,3.302657491125022,0.019384264538198404
401,2.113568454019485,0.09119383640552996,3.549150722464515,0.020524515393386546
402,2.1025760756110268,0.09180587557603687,3.437838777848769,0.018244013683010263
403,2.106048388415218,0.09068980414746544,3.4025147725130296,0.019384264538198404
404,2.0958592383542918,0.09443404377880184,3.6982426311706056,0.01710376282782212
405,2.0964330223298844,0.09223790322580645,3.5541968916541764,0.01596351197263398
406,2.0961355325263766,0.09709821428571429,3.702385541922418,0.019384264538198404
407,2.0913639851429497,0.09493807603686635,3.701647680189074,0.01710376282782212
408,2.0885079343747432,0.09547811059907835,3.622488821110133,0.018244013683010263
409,2.0929547512586217,0.0927059331797235,3.512768536092482,0.019384264538198404
410,2.1002940282843627,0.09565812211981567,3.5400015152438606,0.01596351197263398
411,2.0823079158084186,0.09569412442396313,3.5785737706426883,0.01710376282782212
412,2.085845169383809,0.09918634792626728,3.813133805752344,0.014823261117445839
413,2.0735599253034813,0.09706221198156682,3.610447423080218,0.018244013683010263
414,2.072416191276867,0.09645017281105991,3.7393165504646952,0.019384264538198404
415,2.0626573114900544,0.09616215437788019,3.5798321678266016,0.018244013683010263
416,2.0770786448557805,0.09515408986175115,3.6457010218055923,0.019384264538198404
417,2.0719971426071657,0.09796226958525346,3.710038035054571,0.018244013683010263
418,2.065563016498144,0.09709821428571429,3.5886743843487485,0.019384264538198404
419,2.0614602969538782,0.09825028801843318,3.6573837203066053,0.01710376282782212
420,2.0578693750267205,0.09727822580645161,3.5688723370585773,0.018244013683010263
421,2.0676522977341154,0.09713421658986175,3.51302645442967,0.01710376282782212
422,2.055031177360341,0.09724222350230415,4.014173571848679,0.018244013683010263
423,2.043732611814402,0.09720622119815668,3.9155118196285166,0.019384264538198404
424,2.0547458666810243,0.09720622119815668,3.754435935613095,0.019384264538198404
425,2.051719632291574,0.10037442396313365,3.7422115713052087,0.019384264538198404
426,2.0481334979633035,0.10131048387096774,3.970084654700389,0.018244013683010263
427,2.040796323306,0.10048243087557604,3.8707023580370636,0.019384264538198404
428,2.0488448769266157,0.09897033410138249,3.6478590035520093,0.021664766248574687
429,2.040918189534394,0.10257056451612903,3.800229815827808,0.018244013683010263
430,2.0411492558668285,0.09871831797235023,3.832734052512366,0.020524515393386546
431,2.031014922851791,0.10012240783410138,3.708059505018976,0.019384264538198404
432,2.032865121067944,0.10300259216589862,3.71062875636763,0.019384264538198404
433,2.03149686678214,0.09965437788018433,3.8735465340086916,0.019384264538198404
434,2.0356032318233894,0.10246255760368664,3.953707824954965,0.014823261117445839
435,2.035364195773129,0.10181451612903226,3.639955246598038,0.018244013683010263
436,2.0178585871024066,0.10181451612903226,3.7148064028306047,0.01710376282782212
437,2.019526122901846,0.10401065668202765,3.9067135998977087,0.018244013683010263
438,2.0212938222467627,0.10246255760368664,4.019468528786706,0.013683010262257697
439,2.0215553525955445,0.10221054147465437,4.183736228072929,0.01596351197263398
440,2.016477376359948,0.10159850230414746,3.889752547308684,0.019384264538198404
441,2.013637938257736,0.10257056451612903,3.9024354044088887,0.01710376282782212
442,2.00742184868606,0.10375864055299538,4.102285485718922,0.014823261117445839
443,2.0050233575056224,0.10429867511520738,3.8572141300449347,0.020524515393386546
444,2.0040594693702487,0.10253456221198157,3.8470366194147614,0.018244013683010263
445,2.001534118355694,0.10311059907834101,4.1322580607206545,0.018244013683010263
446,1.9975185682696681,0.10617079493087557,4.001631042976336,0.01596351197263398
447,2.0130310193184884,0.10271457373271889,3.888237018541708,0.018244013683010263
448,2.006785467473043,0.10296658986175115,3.7743878875654127,0.019384264538198404
449,1.9973253371528765,0.10602678571428571,3.9425776067318368,0.01710376282782212
450,2.0085745580185392,0.10386664746543779,3.974342818135139,0.018244013683010263
451,1.9959467363797025,0.10285858294930876,3.77851618709151,0.020524515393386546
452,1.9936339665667802,0.10494671658986175,4.117670445241026,0.01710376282782212
453,2.0013270048501854,0.10735887096774194,3.747159507690569,0.018244013683010263
454,1.9972312472382998,0.1063508064516129,4.182838194182689,0.018244013683010263
455,1.9902840429736721,0.10577476958525346,4.2898182722154745,0.018244013683010263
456,1.9888222445540713,0.10764688940092165,4.157383966609037,0.019384264538198404
457,1.994627917966535,0.10703485023041474,4.026297707921967,0.01710376282782212
458,1.9846717514750045,0.10825892857142858,4.264324329598056,0.01596351197263398
459,1.9802576660560574,0.10566676267281105,4.083193198848885,0.018244013683010263
460,1.9887415324487994,0.1084389400921659,4.029048443928004,0.01710376282782212
461,1.9840490730127431,0.10768289170506913,4.086924677427981,0.018244013683010263
462,1.9871166463821166,0.11016705069124424,4.101731433563929,0.01710376282782212
463,1.9824479865039,0.10631480414746544,4.170882309856002,0.01710376282782212
464,1.9751511556761605,0.11049107142857142,4.013484033238792,0.02280501710376283
465,1.969636071112848,0.10851094470046083,4.098195565331349,0.020524515393386546
466,1.9773188024621955,0.10728686635944701,4.21946528509786,0.01596351197263398
467,1.9772945035437834,0.10987903225806452,4.058349243455493,0.019384264538198404
468,1.9788940911468822,0.10491071428571429,4.098037453850427,0.01710376282782212
469,1.9651404237417582,0.10825892857142858,4.045611359782202,0.019384264538198404
470,1.969358354944238,0.10559475806451613,4.286661987565671,0.018244013683010263
471,1.9666807338389383,0.10656682027649769,4.134732411144261,0.01710376282782212
472,1.9715513677640994,0.10807891705069124,4.392719202465723,0.019384264538198404
473,1.9668651011682325,0.10962701612903226,3.9758170170278344,0.01710376282782212
474,1.9647995068730297,0.1094830069124424,3.9869001833307838,0.019384264538198404
475,1.9661613147928967,0.11131912442396313,3.938306436027605,0.020524515393386546
476,1.963155423166565,0.10901497695852534,4.267477922319958,0.01710376282782212
477,1.9552797466379157,0.1104190668202765,4.098527956172025,0.019384264538198404
478,1.959142983509099,0.11304723502304148,4.148758228719574,0.01710376282782212
479,1.9674427380210244,0.11189516129032258,4.23279824414574,0.01710376282782212
480,1.9583029535508925,0.11085109447004608,4.1095376194135085,0.01596351197263398
481,1.957045791335919,0.11121111751152074,4.105414783125457,0.018244013683010263
482,1.9583811081499547,0.1096990207373272,4.104335606030211,0.018244013683010263
483,1.9612870573448147,0.11164314516129033,4.413963081355513,0.01596351197263398
484,1.950939413039915,0.11175115207373272,4.284251025492408,0.01710376282782212
485,1.9573012922766022,0.11070708525345622,4.27436855092152,0.01596351197263398
486,1.9506036864447704,0.11203917050691244,4.288822256173076,0.019384264538198404
487,1.9541320229455623,0.11221918202764977,3.9646495560283945,0.021664766248574687
488,1.9528307271992555,0.11304723502304148,4.460099192002752,0.01710376282782212
489,1.9538171236416162,0.11164314516129033,4.1841384720231405,0.01710376282782212
490,1.9453840953413792,0.11149913594470046,4.072298570804748,0.01596351197263398
491,1.9538838533761864,0.10786290322580645,4.431237343643519,0.01710376282782212
492,1.954793052739262,0.11157114055299538,4.270290077888028,0.01710376282782212
493,1.9457759156754488,0.11196716589861751,4.104349216278494,0.014823261117445839
494,1.9441702882265715,0.11401929723502305,4.02446749164142,0.01596351197263398
495,1.9358329476299374,0.11157114055299538,4.433473545713871,0.019384264538198404
496,1.9399679954150855,0.11340725806451613,4.191470839958234,0.01710376282782212
497,1.9396026604186554,0.11038306451612903,4.229985498648005,0.018244013683010263
498,1.9405452293185046,0.11344326036866359,4.234311703537318,0.018244013683010263
499,1.9379531683460358,0.11434331797235023,4.358283132620521,0.018244013683010263
500,1.938466663184803,0.11758352534562212,3.9304943073842518,0.019384264538198404
501,1.9438757110850602,0.11675547235023041,4.279145275037672,0.01596351197263398
502,1.9463605202288121,0.11304723502304148,4.23360880913729,0.01596351197263398
503,1.9343151837450019,0.11405529953917051,4.567160351926136,0.01710376282782212
504,1.933259419581857,0.11545938940092165,4.443423408195121,0.01596351197263398
505,1.93492459371892,0.1110311059907834,4.494996769534278,0.014823261117445839
506,1.9315157447542464,0.11481134792626728,4.330787522219198,0.01710376282782212
507,1.927988608037272,0.11376728110599078,4.359657824787066,0.013683010262257697
508,1.9415265222848286,0.11459533410138249,4.42469498994277,0.01596351197263398
509,1.9274045690413444,0.11473934331797235,4.100662531575428,0.013683010262257697
510,1.9215903389289082,0.11535138248847926,4.121961306003236,0.013683010262257697
511,1.933622907108975,0.11477534562211981,4.142751718192715,0.014823261117445839
512,1.9308944866404556,0.11211117511520738,4.542774927928755,0.018244013683010263
513,1.9299776249217548,0.11826756912442396,4.121075861266429,0.012542759407069556
514,1.9342282661644545,0.11589141705069124,4.3494411248845415,0.014823261117445839
515,1.9281533220396614,0.11632344470046083,4.3993942783795035,0.013683010262257697
516,1.9240191713456185,0.11765552995391705,4.352075052098239,0.012542759407069556
517,1.9168954274621428,0.11538738479262672,4.438599235791301,0.01596351197263398
518,1.9315924638976698,0.11437932027649769,4.464952054562019,0.01596351197263398
519,1.9217803659526984,0.11855558755760369,4.456902801378831,0.018244013683010263
520,1.9158381918608318,0.11617943548387097,4.4632446018292935,0.013683010262257697
521,1.9192196938299364,0.11661146313364056,4.463993609699175,0.014823261117445839
522,1.9227923544870544,0.1139472926267281,4.683960514438329,0.01596351197263398
523,1.9155851923924987,0.11859158986175115,4.37970014037129,0.012542759407069556
524,1.9262682644452918,0.11970766129032258,4.668495005865325,0.014823261117445839
525,1.91869284425463,0.11596342165898617,4.380710792650246,0.012542759407069556
526,1.9128678891515951,0.11603542626728111,4.56650761296567,0.01596351197263398
527,1.9147386427299218,0.11848358294930876,4.322236427559412,0.013683010262257697
528,1.9126104281245289,0.11758352534562212,4.349027767964345,0.010262257696693273
529,1.9244040931974138,0.11373127880184332,4.549898834293761,0.013683010262257697
530,1.9119571049092552,0.1159274193548387,4.696553685917958,0.012542759407069556
531,1.9186941497886236,0.11895161290322581,4.484563533909101,0.011402508551881414
532,1.9185935423670826,0.11664746543778802,4.745475285137529,0.014823261117445839
533,1.9123467143779527,0.11891561059907835,4.570012469384118,0.014823261117445839
534,1.907857928682582,0.11931163594470046,4.492552795323162,0.01710376282782212
535,1.9172081760547128,0.12157978110599078,4.5790153756788685,0.01710376282782212
536,1.9130560437105768,0.11671947004608295,4.529373345652355,0.01710376282782212
537,1.9066400346668084,0.1191676267281106,4.299796607366582,0.014823261117445839
538,1.899105018459707,0.11934763824884792,4.521241134765346,0.01710376282782212
539,1.9071146955687879,0.1168634792626728,4.419972281091705,0.01710376282782212
540,1.9009272360032605,0.11697148617511521,4.368981632158721,0.013683010262257697
541,1.9129778143997016,0.11513536866359447,4.548186717038823,0.014823261117445839
542,1.897925010749272,0.11902361751152074,4.686757410129908,0.01710376282782212
543,1.9066437353736245,0.11880760368663594,4.50769807811202,0.013683010262257697
544,1.893411338603991,0.12139976958525346,4.422256675250446,0.013683010262257697
545,1.8973284034135705,0.12265985023041474,4.571253069178408,0.014823261117445839
546,1.9049452241115306,0.1190596198156682,4.387416399191288,0.013683010262257697
547,1.9038675328553547,0.11826756912442396,4.748136745483329,0.013683010262257697
548,1.8850823484258168,0.11967165898617511,4.513245237322191,0.013683010262257697
549,1.8938246451764613,0.12085973502304148,4.823737726244171,0.011402508551881414
550,1.8913733228560416,0.11967165898617511,4.331247058398639,0.011402508551881414
551,1.9022483699332733,0.11866359447004608,4.333649903909646,0.010262257696693273
552,1.8946320436517214,0.12118375576036866,4.563590659247021,0.010262257696693273
553,1.9003641415850907,0.11970766129032258,4.425854313196859,0.011402508551881414
554,1.9034861073515932,0.12028369815668202,4.753462456515061,0.014823261117445839
555,1.8830460842853318,0.12345190092165899,4.331631803458202,0.012542759407069556
556,1.893135193580856,0.11826756912442396,4.46097319645376,0.010262257696693273
557,1.9015723774510045,0.11949164746543779,4.475576675876108,0.012542759407069556
558,1.8950198344920637,0.12323588709677419,4.510857650056533,0.014823261117445839
559,1.8861598759752265,0.12211981566820276,4.669284095785908,0.013683010262257697
560,1.889801367361974,0.121363767281106,4.671319358025337,0.012542759407069556
561,1.9007706867385021,0.12496399769585254,4.467639626771585,0.014823261117445839
562,1.9035879263680102,0.11671947004608295,4.785450730927314,0.011402508551881414
563,1.884579823588446,0.11920362903225806,4.696576391957369,0.013683010262257697
564,1.8830416062460518,0.12438796082949309,4.560892167085933,0.014823261117445839
565,1.889619408115264,0.12705213133640553,4.476339930139626,0.013683010262257697
566,1.8930854176596013,0.12388392857142858,4.653845459188812,0.01710376282782212
567,1.8870856193353505,0.12139976958525346,4.510440287595464,0.01596351197263398
568,1.8853204137718622,0.12154377880184332,4.610133757748924,0.019384264538198404
569,1.8861262215996668,0.12179579493087557,4.4275007579590335,0.010262257696693273
570,1.887260992131475,0.12179579493087557,5.17164721972858,0.012542759407069556
571,1.8820445776535069,0.11992367511520738,4.695831314052116,0.012542759407069556
572,1.8804222537625221,0.12665610599078342,4.45388555472362,0.009122006841505131
573,1.8838442734309606,0.127088133640553,4.803487662986312,0.013683010262257697
574,1.8894540936716142,0.1230198732718894,4.65164014170352,0.012542759407069556
575,1.8777138324377174,0.12283986175115208,4.677993062692466,0.013683010262257697
576,1.8868939464542722,0.12143577188940093,4.703601494074683,0.011402508551881414
577,1.8690466309472713,0.12438796082949309,4.83057806673996,0.010262257696693273
578,1.8798374789101737,0.11985167050691244,4.9346511176401835,0.012542759407069556
579,1.8841093495694174,0.12157978110599078,4.822469170852018,0.012542759407069556
580,1.884349418949971,0.12280385944700462,4.624855504204501,0.012542759407069556
581,1.8682801157648112,0.12215581797235023,4.417424402052076,0.010262257696693273
582,1.8707583785606419,0.12417194700460829,4.711387404286332,0.012542759407069556
583,1.879343348439388,0.12572004608294932,5.154332105490881,0.012542759407069556
584,1.8762709284158345,0.12150777649769585,4.915114896463288,0.009122006841505131
585,1.8667388390835529,0.12680011520737328,4.670100427407903,0.011402508551881414
586,1.8700037887019496,0.1219758064516129,4.574933071092977,0.012542759407069556
587,1.8660950141568338,0.12568404377880185,4.667090409430022,0.011402508551881414
588,1.8834310448664124,0.11999567972350231,4.431189682763685,0.014823261117445839
589,1.8659525348843518,0.12366791474654378,4.739837745984033,0.012542759407069556
590,1.8700269532093805,0.12381192396313365,4.625965441374306,0.013683010262257697
591,1.8742887339284342,0.12348790322580645,4.719497534948717,0.014823261117445839
592,1.8766410584273976,0.12561203917050692,4.642401714825168,0.013683010262257697
593,1.8712045811288367,0.12305587557603687,4.622887491772085,0.011402508551881414
594,1.8771683134241588,0.12546802995391704,4.897044592327783,0.012542759407069556
595,1.8677356050860496,0.12568404377880185,4.663751086732001,0.012542759407069556
596,1.8581888398267157,0.12838421658986174,4.8003351517115105,0.013683010262257697
597,1.8761619601381538,0.12417194700460829,4.735490989250088,0.010262257696693273
598,1.8672957291251504,0.12381192396313365,4.564910519490084,0.010262257696693273
599,1.8591717473372886,0.12381192396313365,4.478198982290966,0.010262257696693273
600,1.8673675670052454,0.12654809907834103,5.046741463847144,0.013683010262257697
601,1.8795397512374385,0.12460397465437788,4.721361997597845,0.013683010262257697
602,1.865455616454375,0.12460397465437788,4.920081357727573,0.014823261117445839
603,1.86155226812934,0.12507200460829493,4.541487179433198,0.013683010262257697
604,1.855848358523461,0.12355990783410138,4.765400558676117,0.013683010262257697
605,1.8621051907539368,0.1264400921658986,4.767263229243976,0.012542759407069556
606,1.864746069853207,0.1258280529953917,4.912614376542233,0.00798175598631699
607,1.8613332144675716,0.12629608294930875,4.718498090789691,0.012542759407069556
608,1.8588813925119039,0.1292482718894009,4.869985372201882,0.010262257696693273
609,1.8605769287605989,0.12319988479262672,4.683328700310284,0.010262257696693273
610,1.8569598914840804,0.12672811059907835,4.989186334773099,0.011402508551881414
611,1.864072647237558,0.12690812211981567,4.660860267169391,0.012542759407069556
612,1.8681453782292554,0.1293562788018433,4.962087973221678,0.012542759407069556
613,1.8564929605079685,0.12363191244239631,4.669912289866292,0.013683010262257697
614,1.8599087870615418,0.12680011520737328,5.214314408014139,0.012542759407069556
615,1.8644089259310253,0.12381192396313365,4.804257260760804,0.010262257696693273
616,1.8544002834552993,0.1278081797235023,5.163590168599528,0.009122006841505131
617,1.8502586739403861,0.12546802995391704,4.865872765348602,0.012542759407069556
618,1.8588607459573703,0.1267641129032258,4.853232923636007,0.009122006841505131
619,1.846962721391757,0.12788018433179724,4.816798497768737,0.01596351197263398
620,1.8622822780762949,0.12503600230414746,5.1535940887990535,0.011402508551881414
621,1.850256606730448,0.1265841013824885,4.645097645005995,0.009122006841505131
622,1.8637361059540427,0.12680011520737328,4.888207977690746,0.010262257696693273
623,1.8457247801640067,0.12878024193548387,5.0214460306591695,0.011402508551881414
624,1.8494580978622084,0.12759216589861752,4.79669902479635,0.010262257696693273
625,1.8488528783420264,0.12824020737327188,4.69949714895529,0.011402508551881414
626,1.8554921809429397,0.13022033410138248,4.929736236346081,0.012542759407069556
627,1.8563609458334436,0.12842021889400923,4.781790102629189,0.011402508551881414
628,1.8531356986766587,0.12672811059907835,5.0863111484009975,0.014823261117445839
629,1.8365514113606396,0.1251080069124424,4.713406820525601,0.011402508551881414
630,1.8465888931454602,0.12795218894009217,5.163983809363475,0.010262257696693273
631,1.8540574158391645,0.12492799539170507,4.976517067260046,0.01596351197263398
632,1.8446965695526194,0.12770017281105991,4.801445286249489,0.013683010262257697
633,1.8443943509308425,0.12939228110599077,4.77468512077288,0.012542759407069556
634,1.8390851740463539,0.12888824884792627,4.794109350463276,0.01596351197263398
635,1.8427880321230208,0.13169642857142858,5.357255187518512,0.011402508551881414
636,1.8345931054260325,0.13108438940092165,5.253049291525898,0.013683010262257697
637,1.8390282994041796,0.1327044930875576,4.734928805852562,0.010262257696693273
638,1.8444475311837438,0.12748415898617513,5.091948599472829,0.009122006841505131
639,1.8423896267117443,0.12910426267281105,4.98409621283293,0.011402508551881414
640,1.8435196667772284,0.125540034562212,4.926964665220428,0.013683010262257697
641,1.8432791798894856,0.1297883064516129,5.237041461426965,0.010262257696693273
642,1.848083830648853,0.1280241935483871,4.948164360281271,0.014823261117445839
643,1.8471381988393547,0.13040034562211983,5.082103756977459,0.01710376282782212
644,1.8436907301850034,0.12939228110599077,4.916152820891638,0.00798175598631699
645,1.8337547449472313,0.13126440092165897,4.757323171013166,0.013683010262257697
646,1.8317439144108152,0.13230846774193547,4.8717484104456625,0.012542759407069556
647,1.836891521781271,0.12820420506912442,4.918235201384349,0.009122006841505131
648,1.8415728777235005,0.13263248847926268,5.036021051004512,0.012542759407069556
649,1.8320918349626427,0.13155241935483872,4.8515358194114135,0.009122006841505131
650,1.8303879875741247,0.12986031105990783,5.130424609341942,0.009122006841505131
651,1.8251461900324315,0.1313364055299539,5.533170192244388,0.011402508551881414
652,1.8458987142083831,0.1279161866359447,4.8693812836806885,0.014823261117445839
653,1.8370315729198368,0.1297883064516129,5.023730334561391,0.011402508551881414
654,1.8277749317582301,0.13256048387096775,4.8976457246760825,0.012542759407069556
655,1.837906723747605,0.1312283986175115,5.209872433369896,0.013683010262257697
656,1.8302446169787288,0.13126440092165897,5.150310903481774,0.011402508551881414
657,1.830523036042666,0.12953629032258066,5.03397669895481,0.013683010262257697
658,1.8377972311138557,0.13086837557603687,4.808106402306899,0.00798175598631699
659,1.8311665412467746,0.1288522465437788,4.82163148214499,0.013683010262257697
660,1.8147365920554657,0.13504464285714285,5.38687016020615,0.010262257696693273
661,1.840414853689308,0.13061635944700462,5.165128330004528,0.01710376282782212
662,1.8182200267567612,0.13641273041474655,5.883886209507489,0.013683010262257697
663,1.8328234800545302,0.13299251152073732,4.789440284976937,0.011402508551881414
664,1.838290483446165,0.1328125,4.827986043018789,0.010262257696693273
665,1.8290300341795116,0.13436059907834103,4.869909372949546,0.013683010262257697
666,1.834207138432885,0.12816820276497695,5.621077572334316,0.011402508551881414
667,1.8393599489866863,0.1310483870967742,5.271938089090171,0.011402508551881414
668,1.8151080561673036,0.13223646313364054,4.740788556015206,0.012542759407069556
669,1.8322389894916165,0.1337485599078341,4.869740219725171,0.011402508551881414
670,1.8335672935582525,0.13248847926267282,5.285497030347348,0.010262257696693273
671,1.830629430608266,0.13565668202764977,5.088304521284463,0.011402508551881414
672,1.8244843996614903,0.13194844470046083,5.577293724399336,0.011402508551881414
673,1.8146756296882982,0.13608870967741934,4.960725604876146,0.011402508551881414
674,1.8280683481198852,0.133352534562212,4.93771717513029,0.010262257696693273
675,1.822566657297073,0.1312283986175115,4.909251403373623,0.01596351197263398
676,1.8317766736180001,0.13475662442396313,4.9728349073447005,0.009122006841505131
677,1.823141537229037,0.13482862903225806,5.606487743395085,0.013683010262257697
678,1.8310557790615591,0.13155241935483872,5.311568703319763,0.009122006841505131
679,1.823397158203037,0.13238047235023043,5.031529508675518,0.012542759407069556
680,1.8190930801602552,0.13252448156682028,5.094124336199179,0.011402508551881414
681,1.832207961291212,0.13680875576036866,5.528658461815411,0.01596351197263398
682,1.8167475530628785,0.13371255760368664,5.296105350028966,0.010262257696693273
683,1.8119535885648244,0.13371255760368664,5.40269660134136,0.014823261117445839
684,1.8303150106135602,0.13536866359447006,5.096889167446367,0.013683010262257697
685,1.8197243741031066,0.1334605414746544,5.4157810086127425,0.013683010262257697
686,1.816914802872091,0.1351886520737327,5.177991621306712,0.012542759407069556
687,1.8203589103188933,0.13140841013824886,5.10735225786233,0.009122006841505131
688,1.8182752901507961,0.13670074884792627,5.355429915229163,0.011402508551881414
689,1.8169961066289981,0.13130040322580644,5.093899985131815,0.009122006841505131
690,1.8190351353812328,0.13295650921658986,5.160828838870354,0.009122006841505131
691,1.8247418384398184,0.1366647465437788,5.262731679896808,0.013683010262257697
692,1.826094236242057,0.134900633640553,5.188103554050354,0.010262257696693273
693,1.8152941849923903,0.1373127880184332,5.03265896354597,0.011402508551881414
694,1.8140312867230535,0.13061635944700462,5.139353741261951,0.012542759407069556
695,1.7976671915999205,0.13547667050691245,5.399492193654842,0.012542759407069556
696,1.8205813518317613,0.13223646313364054,5.267236893913765,0.010262257696693273
697,1.8172307355063302,0.13202044930875576,5.3214664470102795,0.00798175598631699
698,1.809195315782925,0.1359447004608295,5.008045830503701,0.010262257696693273
699,1.8302470750523052,0.13407258064516128,5.638266036556683,0.013683010262257697
700,1.8085330716475914,0.13598070276497695,5.841332932562485,0.011402508551881414
701,1.811809600223594,0.1330285138248848,5.849055570778581,0.011402508551881414
702,1.805844963146245,0.1386448732718894,5.170712457959166,0.010262257696693273
703,1.8163717954938863,0.1361247119815668,5.522370553750677,0.010262257696693273
704,1.803423152815911,0.1359447004608295,5.3511837825535915,0.012542759407069556
705,1.8077132490373427,0.140084965437788,5.44727241490015,0.012542759407069556
706,1.8004595373632721,0.1378168202764977,5.39572458310709,0.010262257696693273
707,1.8102199589052508,0.1350806451612903,5.613046359037184,0.011402508551881414
708,1.811510819718585,0.13774481566820276,5.964145648982397,0.013683010262257697
709,1.812709957773235,0.13745679723502305,5.228652371783893,0.011402508551881414
710,1.8006132151674015,0.1362687211981567,5.759606075395608,0.011402508551881414
711,1.8033437121848357,0.13400057603686635,5.64083810434374,0.010262257696693273
712,1.798872869684949,0.13680875576036866,5.377598297636756,0.012542759407069556
713,1.8062702156431665,0.134900633640553,5.4142854172936055,0.01596351197263398
714,1.8222738608786588,0.13720478110599077,5.525607038387007,0.014823261117445839
715,1.8059856067604734,0.14044498847926268,5.119501237858389,0.011402508551881414
716,1.7980282147359188,0.1376008064516129,5.709420760381996,0.014823261117445839
717,1.807311124515973,0.14015697004608296,5.690678115309712,0.013683010262257697
718,1.8150984738279599,0.1373127880184332,5.248903845435809,0.010262257696693273
719,1.8067393624288146,0.13976094470046083,6.357107330483205,0.009122006841505131
720,1.8031850426977132,0.13652073732718895,5.5686274640508495,0.014823261117445839
721,1.8013935759320236,0.13641273041474655,5.213696689127245,0.011402508551881414
722,1.804994464195269,0.13814084101382487,5.433770717481659,0.010262257696693273
723,1.8033041481598182,0.13544066820276499,5.2782367529048075,0.011402508551881414
724,1.795108695184031,0.14094902073732718,5.81723096351667,0.011402508551881414
725,1.807438751794226,0.13850086405529954,5.456167254235889,0.011402508551881414
726,1.7974614415849959,0.13961693548387097,5.498600397033865,0.011402508551881414
727,1.8042117412189185,0.1396889400921659,5.22866360545838,0.010262257696693273
728,1.8023184384069135,0.14069700460829493,5.522452724700371,0.011402508551881414
729,1.8053753153519696,0.1368807603686636,5.4298674845505195,0.00798175598631699
730,1.7993292558577754,0.1382488479262673,6.003907485318157,0.011402508551881414
731,1.8050275574082053,0.13540466589861752,5.6404069761321916,0.012542759407069556
732,1.7868120085259187,0.14012096774193547,5.818147201494589,0.010262257696693273
733,1.7896779314164193,0.1414530529953917,5.520945504426685,0.011402508551881414
734,1.8032563210632395,0.1357286866359447,5.600573440234228,0.011402508551881414
735,1.8056579674443891,0.14019297235023043,5.32142747250495,0.012542759407069556
736,1.8113964590059448,0.14015697004608296,5.687975912300727,0.00798175598631699
737,1.783737541893111,0.13806883640552994,5.283146290034225,0.012542759407069556
738,1.7922812310231995,0.14303715437788017,5.670759742588926,0.010262257696693273
739,1.7966818691398692,0.13670074884792627,5.969614410074162,0.010262257696693273
740,1.7911743782632361,0.1383568548387097,5.5812447807807875,0.009122006841505131
741,1.7955684227877498,0.13965293778801843,5.075281525963117,0.00798175598631699
742,1.787014376732611,0.14325316820276499,5.320238989326538,0.010262257696693273
743,1.7934707065331772,0.14296514976958524,5.743442809975949,0.009122006841505131
744,1.7866811304597812,0.140625,5.2848213771050165,0.010262257696693273
745,1.7968816485273125,0.13799683179723501,5.622763546733791,0.010262257696693273
746,1.7922276247481597,0.14159706221198157,5.151166709825957,0.011402508551881414
747,1.7884258886086777,0.13961693548387097,5.324182341280929,0.010262257696693273
748,1.797181674137643,0.14213709677419356,6.06438621718908,0.011402508551881414
749,1.7923809402549322,0.1435411866359447,5.726880498731694,0.011402508551881414
750,1.803585771316757,0.14174107142857142,5.410483099307818,0.010262257696693273
751,1.7898782793827321,0.14224510368663595,5.490199280437613,0.009122006841505131
752,1.7824583303543828,0.14292914746543778,5.890662293341712,0.010262257696693273
753,1.78886587443989,0.14411722350230416,5.89478965387377,0.010262257696693273
754,1.7945762784799673,0.1408410138248848,5.977867859391285,0.011402508551881414
755,1.7871405913533154,0.1414530529953917,5.729391517769652,0.011402508551881414
756,1.777267399746152,0.14411722350230416,5.96665952849959,0.013683010262257697
757,1.7850966719987755,0.142713133640553,5.79623288901665,0.009122006841505131
758,1.8099340139995521,0.1435411866359447,5.762732140422547,0.009122006841505131
759,1.7865321589505068,0.14066100230414746,5.688577944495659,0.010262257696693273
760,1.7876842244429523,0.14098502304147464,5.739960004965283,0.009122006841505131
761,1.7880143921496132,0.14674539170506912,6.428810170194306,0.013683010262257697
762,1.7830509697237322,0.14282114055299538,5.824219847214806,0.011402508551881414
763,1.8035965306418282,0.14472926267281105,5.307155443298096,0.010262257696693273
764,1.7875351114756501,0.1431451612903226,5.668745296982838,0.012542759407069556
765,1.7791022356204722,0.14483726958525345,6.018961388273685,0.011402508551881414
766,1.787833695038123,0.13983294930875576,5.8089553866718076,0.009122006841505131
767,1.7908598003299554,0.1405169930875576,5.612142780895516,0.010262257696693273
768,1.7762606676822434,0.140084965437788,5.793667071221764,0.011402508551881414
769,1.7842385117908777,0.141165034562212,5.504347146033154,0.011402508551881414
770,1.7799679853949129,0.14642137096774194,5.706376219828833,0.010262257696693273
771,1.798509883166458,0.14055299539170507,5.654854111687759,0.010262257696693273
772,1.7723255108029061,0.14433323732718895,5.662452226353888,0.010262257696693273
773,1.7929497995684225,0.1397969470046083,5.810925280354586,0.009122006841505131
774,1.777994232793008,0.1454133064516129,5.674802116820315,0.011402508551881414
775,1.777744887336608,0.14332517281105991,5.607022334395683,0.013683010262257697
776,1.7750507898045025,0.14588133640552994,6.211588501794308,0.009122006841505131
777,1.768228263349577,0.14397321428571427,5.686704759586904,0.010262257696693273
778,1.788996890667946,0.14202908986175114,6.126810537096848,0.009122006841505131
779,1.7838056834612024,0.1415610599078341,5.617598992524968,0.00798175598631699
780,1.7695561858915514,0.14397321428571427,6.246783886695262,0.011402508551881414
781,1.7802447396489331,0.14642137096774194,5.466269217983755,0.010262257696693273
782,1.7759675375327537,0.14361319124423963,5.719460046413687,0.013683010262257697
783,1.785037521667744,0.14588133640552994,5.726036469232262,0.013683010262257697
784,1.7777829961293303,0.14181307603686635,5.973161148780292,0.010262257696693273
785,1.7755721568511929,0.14580933179723501,5.740445810685544,0.00798175598631699
786,1.7853254480845369,0.14814948156682028,5.634076194589195,0.009122006841505131
787,1.7725963622743632,0.1473934331797235,5.9016880880331914,0.013683010262257697
788,1.778513669143624,0.14296514976958524,6.072940683962954,0.012542759407069556
789,1.7726293851702994,0.146349366359447,5.641525904156327,0.011402508551881414
790,1.7857858980855634,0.1461693548387097,5.95774402259557,0.010262257696693273
791,1.7608240213811672,0.14868951612903225,5.592986281948459,0.009122006841505131
792,1.7825889035304021,0.14764544930875576,6.015345473925635,0.009122006841505131
793,1.7608659308626904,0.14523329493087558,6.012120281141188,0.011402508551881414
794,1.7812905402227481,0.14494527649769584,5.740893097532788,0.011402508551881414
795,1.7656578048033649,0.14462125576036866,5.977924237093605,0.009122006841505131
796,1.7697837696097414,0.1448732718894009,5.893856661893351,0.00798175598631699
797,1.7649756609569496,0.15016561059907835,6.003662859156575,0.009122006841505131
798,1.7869056501696188,0.14811347926267282,5.641248489867051,0.009122006841505131
799,1.7752627288141558,0.15117367511520738,5.7469081177271075,0.010262257696693273
800,1.7691607612618654,0.14868951612903225,5.580012539501473,0.010262257696693273
801,1.7832757355430708,0.146349366359447,6.119017152992866,0.013683010262257697
802,1.7616755399286472,0.14631336405529954,5.651537299835831,0.00798175598631699
803,1.77355478161491,0.14526929723502305,5.634408566399882,0.0068415051311288486
804,1.7723808002911405,0.14580933179723501,6.014632969381056,0.010262257696693273
805,1.7723462979914406,0.14570132488479262,5.594249336586303,0.009122006841505131
806,1.7693009214467168,0.14742943548387097,6.279824429798017,0.010262257696693273
807,1.7679176520092696,0.14886952764976957,5.351321541189196,0.010262257696693273
808,1.7764459120513107,0.14613335253456222,5.3803554255443125,0.012542759407069556
809,1.7652393950295338,0.1469614055299539,5.987149429430032,0.011402508551881414
810,1.7698153968780272,0.14508928571428573,6.099069630678323,0.011402508551881414
811,1.77447627903679,0.14256912442396313,6.223529843403241,0.011402508551881414
812,1.7641864663444906,0.1460613479262673,5.728149877850523,0.010262257696693273
813,1.7609509941070312,0.14724942396313365,5.726970123456304,0.009122006841505131
814,1.762891452158651,0.14652937788018433,5.535398862788724,0.009122006841505131
815,1.7683152993153866,0.14681739631336405,6.22285453052586,0.009122006841505131
816,1.763678621037215,0.15167770737327188,5.6860217743615875,0.0068415051311288486
817,1.7544576289466998,0.15257776497695852,5.959367455751077,0.010262257696693273
818,1.7534223182410138,0.14930155529953917,5.658956799566949,0.010262257696693273
819,1.7551208904811315,0.15153369815668202,5.766936571867191,0.009122006841505131
820,1.7632140555689413,0.1477894585253456,6.0236933331940845,0.011402508551881414
821,1.773837436728763,0.1468533986175115,6.0687764715849335,0.010262257696693273
822,1.761134666506596,0.14915754608294932,5.739318894959366,0.010262257696693273
823,1.7665887219565255,0.14742943548387097,5.896077445322731,0.014823261117445839
824,1.7541832690414745,0.15153369815668202,6.0745425218867055,0.011402508551881414
825,1.7587121159250285,0.15074164746543778,5.9915048382845,0.012542759407069556
826,1.769812336165784,0.14753744239631336,5.671976345566822,0.009122006841505131
827,1.7585066175131205,0.14886952764976957,5.970545729590387,0.010262257696693273
828,1.7692046354992599,0.14825748847926268,5.77789697190375,0.009122006841505131
829,1.76680063679471,0.14966157834101382,5.523633823155541,0.009122006841505131
830,1.7638604704136123,0.14922955069124424,6.164387825821254,0.011402508551881414
831,1.7550340585994282,0.14796947004608296,5.7968697368486986,0.010262257696693273
832,1.7623065935301891,0.14526929723502305,5.935136622686614,0.012542759407069556
833,1.7583212500893026,0.1485455069124424,5.832372369081155,0.009122006841505131
834,1.754751669646408,0.15084965437788017,5.485631234833424,0.010262257696693273
835,1.759558039052146,0.14818548387096775,6.048098626131343,0.010262257696693273
836,1.755250404232658,0.150525633640553,5.491002863054264,0.00798175598631699
837,1.7640640452710166,0.15012960829493088,5.766491068945507,0.009122006841505131
838,1.7513251496899513,0.1495895737327189,5.7863236762234935,0.010262257696693273
839,1.7581851798268506,0.14973358294930875,5.615259005786891,0.012542759407069556
840,1.7600454715539784,0.14969758064516128,5.712881492780035,0.013683010262257697
841,1.7686598699213723,0.1482214861751152,5.980496287481815,0.011402508551881414
842,1.7717950791807218,0.15254176267281105,5.856823773857125,0.010262257696693273
843,1.7538486633981978,0.14890552995391704,5.601755536404547,0.00798175598631699
844,1.7543029993909844,0.1521817396313364,5.792292566636541,0.010262257696693273
845,1.7575977230401632,0.1521817396313364,5.754330524696863,0.010262257696693273
846,1.749148860230424,0.14746543778801843,6.0600053086927845,0.011402508551881414
847,1.7541124084578132,0.15131768433179724,5.705266685007372,0.010262257696693273
848,1.7627465389840613,0.14836549539170507,6.550893791181331,0.011402508551881414
849,1.751987325431015,0.1509576612903226,6.0572324087301705,0.011402508551881414
850,1.7504671205024016,0.1518937211981567,6.798054174795118,0.013683010262257697
851,1.750075205405187,0.15066964285714285,5.978177107590226,0.009122006841505131
852,1.746456791728323,0.15408986175115208,6.236897384291228,0.009122006841505131
853,1.7471888936060365,0.14818548387096775,6.446964058935846,0.010262257696693273
854,1.7604784193676188,0.15063364055299538,6.279718626864008,0.009122006841505131
855,1.7559700383019337,0.14973358294930875,6.090822077395571,0.010262257696693273
856,1.7854693677568216,0.1472854262672811,5.656849161928845,0.011402508551881414
857,1.751392856995631,0.15045362903225806,6.395561404755613,0.010262257696693273
858,1.7485151615010979,0.15171370967741934,6.024402568930231,0.010262257696693273
859,1.7506185083345334,0.15261376728110598,6.492200748678488,0.0068415051311288486
860,1.7434121958121727,0.15185771889400923,6.210137065487277,0.009122006841505131
861,1.756043462434672,0.15034562211981567,6.009599100088992,0.011402508551881414
862,1.7472437779474919,0.1527937788018433,5.543488985864167,0.010262257696693273
863,1.7373267392958365,0.148977534562212,6.242001111042541,0.010262257696693273
864,1.7531550150313135,0.1508136520737327,5.803242509422172,0.010262257696693273
865,1.7488206254172436,0.14955357142857142,6.255816515658301,0.011402508551881414
866,1.7413941627273912,0.15225374423963134,5.568095327375144,0.010262257696693273
867,1.7466223522814737,0.15088565668202766,5.875082585803459,0.009122006841505131
868,1.745418861989052,0.1513536866359447,5.803049372974252,0.010262257696693273
869,1.7531391206424907,0.14901353686635946,6.013329316164232,0.011402508551881414
870,1.7385387629407891,0.1507056451612903,6.069474539979698,0.009122006841505131
871,1.745904371760408,0.15038162442396313,6.925767883879293,0.010262257696693273
872,1.7513179806520314,0.1502016129032258,6.376724715107795,0.011402508551881414
873,1.7563867838151994,0.14793346774193547,5.718793728740349,0.011402508551881414
874,1.7502443073532,0.15009360599078342,6.055794836585851,0.014823261117445839
875,1.7477703976191683,0.1522897465437788,6.061668162742797,0.010262257696693273
876,1.738562172184342,0.1522897465437788,6.013590279843408,0.010262257696693273
877,1.7359410238705473,0.15282978110599077,6.939604016503015,0.010262257696693273
878,1.743033116588944,0.15254176267281105,6.770899380082551,0.012542759407069556
879,1.7441182249152716,0.1532258064516129,5.871839717965034,0.00798175598631699
880,1.7370301487808404,0.15704205069124424,6.3764566554175,0.00798175598631699
881,1.7479946643526103,0.1549179147465438,6.054597867663393,0.00798175598631699
882,1.7412090982709612,0.15290178571428573,6.815987358615227,0.009122006841505131
883,1.7448020146189747,0.14994959677419356,6.378652208343471,0.010262257696693273
884,1.7432268904650816,0.15254176267281105,6.820595626004609,0.011402508551881414
885,1.7466214170104348,0.15459389400921658,6.318053016097135,0.011402508551881414
886,1.7485469008371028,0.15506192396313365,5.681478949473957,0.009122006841505131
887,1.740409095990493,0.15246975806451613,6.86127700881784,0.010262257696693273
888,1.7567554896328306,0.1503096198156682,5.98967386841638,0.010262257696693273
889,1.7503100861602114,0.15142569124423963,6.854131985689379,0.010262257696693273
890,1.7556356966220839,0.15326180875576037,5.973252999469927,0.00798175598631699
891,1.736677736181268,0.15297379032258066,6.195565604837346,0.009122006841505131
892,1.7359690608516816,0.15513392857142858,6.337758477492643,0.009122006841505131
893,1.734844550833724,0.15272177419354838,5.869901738661588,0.010262257696693273
894,1.7465630893333717,0.15023761520737328,6.125968161575335,0.009122006841505131
895,1.7316237561713714,0.15117367511520738,5.874001600859239,0.012542759407069556
896,1.7426433395680194,0.15455789170506912,6.231783400919445,0.009122006841505131
897,1.7388926030304026,0.15290178571428573,6.760914597027386,0.009122006841505131
898,1.7324910792886936,0.1518937211981567,5.904174109821037,0.010262257696693273
899,1.7361069192534768,0.15225374423963134,5.9034098344626695,0.011402508551881414
900,1.7482460446072063,0.15160570276497695,5.934552827745914,0.009122006841505131
901,1.74054680057385,0.15643001152073732,5.775599526978409,0.00798175598631699
902,1.735175148957336,0.15606998847926268,6.144869630937565,0.00798175598631699
903,1.7381572316868514,0.15182171658986174,6.427088514565062,0.009122006841505131
904,1.7336481191595579,0.15318980414746544,6.680213033813163,0.009122006841505131
905,1.7397383141078158,0.15009360599078342,6.04323766060267,0.009122006841505131
906,1.740173901555725,0.1533338133640553,6.318333254980525,0.009122006841505131
907,1.7521149428209402,0.15207373271889402,6.172257584340216,0.00798175598631699
908,1.7364745670199944,0.15261376728110598,6.155710109419263,0.009122006841505131
909,1.7320044878441068,0.15538594470046083,5.698313222643723,0.00798175598631699
910,1.7372214426093386,0.15502592165898618,5.946451936915364,0.009122006841505131
911,1.7335107271572412,0.15498991935483872,6.120810163469652,0.009122006841505131
912,1.728598520777742,0.1561419930875576,6.640258005026944,0.012542759407069556
913,1.7405438401182676,0.1500216013824885,6.144319090631153,0.00798175598631699
914,1.7320496168004753,0.15362183179723501,6.161994751394134,0.00798175598631699
915,1.7313529978150046,0.15819412442396313,6.20101865205145,0.00798175598631699
916,1.7280246585195516,0.15290178571428573,5.658538468751288,0.00798175598631699
917,1.7336719404167844,0.15534994239631336,6.512501866135113,0.012542759407069556
918,1.7308423101627333,0.15610599078341014,6.479993483087764,0.00798175598631699
919,1.7408781760299261,0.15185771889400923,6.436917706253591,0.009122006841505131
920,1.7378706061345641,0.15444988479262672,6.097182656095672,0.00798175598631699
921,1.7396569122916543,0.1550979262672811,5.78884114860265,0.0068415051311288486
922,1.7314363050570685,0.15502592165898618,6.303419792801652,0.0068415051311288486
923,1.7391371795658692,0.15401785714285715,6.680975606259354,0.009122006841505131
924,1.7415186493627486,0.15390985023041476,6.249484719001309,0.010262257696693273
925,1.7371470521671981,0.15697004608294932,6.46267086342232,0.011402508551881414
926,1.7369439310741863,0.15408986175115208,6.737829404654769,0.00798175598631699
927,1.7385007000189223,0.1498775921658986,6.761633066114297,0.0068415051311288486
928,1.7410380925451006,0.1523977534562212,6.947732296881681,0.0068415051311288486
929,1.7233352098047459,0.15495391705069125,6.44151618950995,0.00798175598631699
930,1.7337392340607358,0.1558539746543779,6.249376758610238,0.0068415051311288486
931,1.7274764084046887,0.15632200460829493,6.633033731236561,0.009122006841505131
932,1.7268418114855542,0.15711405529953917,6.189212869755083,0.009122006841505131
933,1.7236990434233495,0.15617799539170507,6.753908630379793,0.009122006841505131
934,1.7262609279650147,0.1603182603686636,6.278174358463613,0.011402508551881414
935,1.7283822487576217,0.15711405529953917,6.675252105382312,0.009122006841505131
936,1.729781350232489,0.15376584101382487,6.174372492521628,0.0068415051311288486
937,1.7395691239888766,0.1532258064516129,6.641773042276484,0.009122006841505131
938,1.727735366414769,0.15470190092165897,6.266525142956759,0.010262257696693273
939,1.7396971847055145,0.15556595622119815,6.498887206156958,0.011402508551881414
940,1.7168905034592623,0.15628600230414746,5.8075492140096845,0.00798175598631699
941,1.7164664848059552,0.15754608294930875,6.117014535884357,0.009122006841505131
942,1.7333510507087004,0.15556595622119815,6.008541872727014,0.0068415051311288486
943,1.7189912727351562,0.15639400921658986,5.7779471360427355,0.010262257696693273
944,1.7299892943575634,0.15304579493087558,6.821944187821114,0.011402508551881414
945,1.7273519264388195,0.15797811059907835,6.026278358228938,0.009122006841505131
946,1.7201481464271722,0.15913018433179724,5.948992375772926,0.009122006841505131
947,1.723742935239994,0.1591661866359447,6.169898772049385,0.012542759407069556
948,1.727977885079274,0.15963421658986174,6.4660203530280045,0.010262257696693273
949,1.7269935992456251,0.15625,6.1766951228221165,0.009122006841505131
950,1.7229180352479083,0.15362183179723501,6.108274807272099,0.0068415051311288486
951,1.7141668266415047,0.15650201612903225,6.179320503395803,0.0068415051311288486
952,1.7154850913082949,0.15671802995391704,6.899900563630438,0.009122006841505131
953,1.7373776737995412,0.15423387096774194,5.872074381655407,0.0068415051311288486
954,1.7257585426629414,0.15459389400921658,6.055323994417963,0.009122006841505131
955,1.7247328824161934,0.1560339861751152,5.811368929211607,0.00798175598631699
956,1.732761764855978,0.1553139400921659,6.055643955957115,0.0068415051311288486
957,1.7229304459237833,0.1575820852534562,6.017886867001228,0.00798175598631699
958,1.7280520005709565,0.15826612903225806,6.611257800490446,0.009122006841505131
959,1.709690032741441,0.1604982718894009,5.982779936752406,0.009122006841505131
960,1.7231198494335473,0.1574020737327189,6.016529962981169,0.009122006841505131
961,1.740076006557535,0.15632200460829493,6.1032686336826165,0.009122006841505131
962,1.7220630755622266,0.15725806451612903,6.401272625852474,0.009122006841505131
963,1.7307881342101208,0.15697004608294932,6.207577704295873,0.010262257696693273
964,1.7257024198083835,0.15787010368663595,6.008639266036935,0.010262257696693273
965,1.7246458621069034,0.15110167050691245,6.154183700935599,0.0068415051311288486
966,1.7260571589118325,0.15574596774193547,5.9838029030655235,0.0068415051311288486
967,1.7192750567664747,0.1549179147465438,6.358207548765663,0.009122006841505131
968,1.722721763470206,0.15578197004608296,6.626072062597851,0.009122006841505131
969,1.717625316386948,0.1561419930875576,5.902943438243975,0.009122006841505131
970,1.7173769331198134,0.1549179147465438,6.554329306125097,0.0068415051311288486
971,1.7261346825806227,0.15516993087557604,6.606297669688,0.009122006841505131
972,1.7204643424754869,0.16013824884792627,6.897052066220117,0.010262257696693273
973,1.726341311558051,0.1558539746543779,7.026748398418709,0.005701254275940707
974,1.7141231389089664,0.15945420506912442,6.230046861663784,0.00798175598631699
975,1.7167300018846714,0.15963421658986174,6.252876282281996,0.009122006841505131
976,1.7142841840669307,0.15945420506912442,6.500256693349597,0.010262257696693273
977,1.728309561030656,0.15567396313364054,6.781049477741411,0.0068415051311288486
978,1.7186957737817192,0.15743807603686635,6.869838708618755,0.0068415051311288486
979,1.7151048444383155,0.16057027649769584,6.731881598926052,0.009122006841505131
980,1.7274706017586492,0.15621399769585254,6.417729087947032,0.010262257696693273
981,1.7218260594776698,0.15765408986175114,6.527471031267259,0.0068415051311288486
982,1.7161982872519075,0.1576900921658986,6.93053056005741,0.0068415051311288486
983,1.7095820634595809,0.15621399769585254,6.830883674230108,0.009122006841505131
984,1.722862037645507,0.15743807603686635,6.417436019044917,0.009122006841505131
985,1.705488420576544,0.15837413594470046,6.520478938025515,0.00798175598631699
986,1.7216013439239994,0.15945420506912442,6.878498803794452,0.00798175598631699
987,1.7114878942340201,0.15787010368663595,6.337710261480838,0.00798175598631699
988,1.7216276625334392,0.15534994239631336,6.31363019540889,0.00798175598631699
989,1.7144870469647069,0.15866215437788017,6.590559041078714,0.0068415051311288486
990,1.723544520991189,0.16064228110599077,6.303954589869848,0.010262257696693273
991,1.7091723452515317,0.15682603686635946,6.11891628535063,0.010262257696693273
992,1.7159901420641606,0.1592741935483871,6.408931842551672,0.00798175598631699
993,1.7255330701028146,0.15405385944700462,6.179333276868275,0.00798175598631699
994,1.7128695793415545,0.1612543202764977,5.945796538649834,0.00798175598631699
995,1.719209574883984,0.1561419930875576,6.322340928842159,0.00798175598631699
996,1.7160016809191023,0.15992223502304148,6.363288338399124,0.012542759407069556
997,1.7175091521531207,0.15567396313364054,6.6409996287172985,0.010262257696693273
998,1.713470117013026,0.1622983870967742,6.534587949276514,0.010262257696693273
999,1.7160691934796521,0.1610383064516129,7.189722938167872,0.00798175598631699
